<?xml version="1.0" encoding="UTF-8"?>
<!-- Generated by org.testng.reporters.JUnitReportReporter -->
<testsuite hostname="HPELITEBOOK-04" failures="0" tests="5" name="TestNGPracticeClasses.Class2" time="0.011" errors="0" timestamp="2022-05-27T16:54:11 IST" skipped="0">
  <testcase classname="TestNGPracticeClasses.Class2" name="TestC" time="0.001"/>
  <system-out/>
  <testcase classname="TestNGPracticeClasses.Class2" name="TestD" time="0.005"/>
  <system-out/>
  <testcase classname="TestNGPracticeClasses.Class2" name="TestA" time="0.003"/>
  <system-out/>
  <testcase classname="TestNGPracticeClasses.Class2" name="TestE" time="0.001"/>
  <system-out/>
  <testcase classname="TestNGPracticeClasses.Class2" name="TestB" time="0.001"/>
  <system-out/>
</testsuite> <!-- TestNGPracticeClasses.Class2 -->
