<?xml version="1.0" encoding="UTF-8"?>
<!-- Generated by org.testng.reporters.JUnitReportReporter -->
<testsuite hostname="HPELITEBOOK-04" failures="0" tests="9" name="TestNGPracticeClasses.Class3" time="0.022" errors="0" timestamp="2022-05-27T16:54:11 IST" skipped="0">
  <testcase classname="TestNGPracticeClasses.Class3" name="TestB" time="0.003"/>
  <system-out/>
  <testcase classname="TestNGPracticeClasses.Class3" name="TestB" time="0.001"/>
  <system-out/>
  <testcase classname="TestNGPracticeClasses.Class3" name="TestD" time="0.001"/>
  <system-out/>
  <testcase classname="TestNGPracticeClasses.Class3" name="TestA" time="0.002"/>
  <system-out/>
  <testcase classname="TestNGPracticeClasses.Class3" name="TestA" time="0.001"/>
  <system-out/>
  <testcase classname="TestNGPracticeClasses.Class3" name="TestA" time="0.002"/>
  <system-out/>
  <testcase classname="TestNGPracticeClasses.Class3" name="TestA" time="0.001"/>
  <system-out/>
  <testcase classname="TestNGPracticeClasses.Class3" name="TestA" time="0.007"/>
  <system-out/>
  <testcase classname="TestNGPracticeClasses.Class3" name="TestC" time="0.004"/>
  <system-out/>
</testsuite> <!-- TestNGPracticeClasses.Class3 -->
