<?xml version="1.0" encoding="UTF-8"?>
<!-- Generated by org.testng.reporters.JUnitReportReporter -->
<testsuite hostname="HPELITEBOOK-04" failures="0" tests="1" name="com.SauceDemo1.TestClasses.TCo5SingleBuyProduct" time="5.455" errors="0" timestamp="2022-05-24T17:47:47 IST" skipped="0">
  <testcase classname="com.SauceDemo1.TestClasses.TCo5SingleBuyProduct" name="SingleBuyProductFunctionality" time="5.455"/>
  <system-out/>
</testsuite> <!-- com.SauceDemo1.TestClasses.TCo5SingleBuyProduct -->
