<?xml version="1.0" encoding="UTF-8"?>
<!-- Generated by org.testng.reporters.JUnitReportReporter -->
<testsuite hostname="HPELITEBOOK-04" failures="0" tests="3" name="TestNGPracticeClasses.Class4" time="0.002" errors="0" timestamp="2022-05-27T16:54:11 IST" skipped="1">
  <testcase classname="TestNGPracticeClasses.Class4" name="TestB" time="0.001"/>
  <system-out/>
  <testcase classname="TestNGPracticeClasses.Class4" name="TestC" time="0.001"/>
  <system-out/>
  <testcase classname="TestNGPracticeClasses.Class4" name="TestA">
    <skipped/>
  </testcase> <!-- TestA -->
  <system-out/>
</testsuite> <!-- TestNGPracticeClasses.Class4 -->
