<?xml version="1.0" encoding="UTF-8"?>
<!-- Generated by org.testng.reporters.JUnitReportReporter -->
<testsuite hostname="HPELITEBOOK-04" failures="0" tests="1" name="com.SauceDemo1.UtilityClasses.PracticeClass" time="0.004" errors="0" timestamp="2022-05-25T21:24:24 IST" skipped="0">
  <testcase classname="com.SauceDemo1.UtilityClasses.PracticeClass" name="test" time="0.004"/>
  <system-out/>
</testsuite> <!-- com.SauceDemo1.UtilityClasses.PracticeClass -->
