<?xml version="1.0" encoding="UTF-8"?>
<!-- Generated by org.testng.reporters.JUnitReportReporter -->
<testsuite hostname="HPELITEBOOK-04" failures="0" tests="1" name="TestNGPracticeClasses.Class1" time="0.001" errors="0" timestamp="2022-05-27T16:54:11 IST" skipped="0">
  <testcase classname="TestNGPracticeClasses.Class1" name="test" time="0.001"/>
  <system-out/>
</testsuite> <!-- TestNGPracticeClasses.Class1 -->
